[34m2019-11-07 19:10:37.086 CST [localconfig] completeInitialization -> INFO 001[0m Kafka.Version unset, setting to 0.10.2.0
[34m2019-11-07 19:10:37.116 CST [orderer.common.server] prettyPrintStruct -> INFO 002[0m Orderer config values:
	General.LedgerType = "file"
	General.ListenAddress = "127.0.0.1"
	General.ListenPort = 7050
	General.TLS.Enabled = false
	General.TLS.PrivateKey = "/home/vagrant/fabric/crypto-config/ordererOrganizations/36sn.com/orderers/orderer.36sn.com/tls/server.key"
	General.TLS.Certificate = "/home/vagrant/fabric/crypto-config/ordererOrganizations/36sn.com/orderers/orderer.36sn.com/tls/server.crt"
	General.TLS.RootCAs = [/home/vagrant/fabric/crypto-config/ordererOrganizations/36sn.com/orderers/orderer.36sn.com/tls/ca.crt]
	General.TLS.ClientAuthRequired = false
	General.TLS.ClientRootCAs = []
	General.Cluster.ListenAddress = ""
	General.Cluster.ListenPort = 0
	General.Cluster.ServerCertificate = ""
	General.Cluster.ServerPrivateKey = ""
	General.Cluster.ClientCertificate = ""
	General.Cluster.ClientPrivateKey = ""
	General.Cluster.RootCAs = []
	General.Cluster.DialTimeout = 5s
	General.Cluster.RPCTimeout = 7s
	General.Cluster.ReplicationBufferSize = 20971520
	General.Cluster.ReplicationPullTimeout = 5s
	General.Cluster.ReplicationRetryTimeout = 5s
	General.Cluster.ReplicationBackgroundRefreshInterval = 5m0s
	General.Cluster.ReplicationMaxRetries = 12
	General.Cluster.SendBufferSize = 10
	General.Cluster.CertExpirationWarningThreshold = 168h0m0s
	General.Cluster.TLSHandshakeTimeShift = 0s
	General.Keepalive.ServerMinInterval = 1m0s
	General.Keepalive.ServerInterval = 2h0m0s
	General.Keepalive.ServerTimeout = 20s
	General.ConnectionTimeout = 0s
	General.GenesisMethod = "provisional"
	General.GenesisProfile = "OneOrgsOrdererGenesis"
	General.SystemChannel = "test-system-channel-name"
	General.GenesisFile = "/home/vagrant/fabric/channel-artifacts/mygenesis.block"
	General.Profile.Enabled = false
	General.Profile.Address = "0.0.0.0:6060"
	General.LocalMSPDir = "/home/vagrant/fabric/crypto-config/ordererOrganizations/36sn.com/orderers/orderer.36sn.com/msp"
	General.LocalMSPID = "OrdererMSP"
	General.BCCSP.ProviderName = "SW"
	General.BCCSP.SwOpts.SecLevel = 256
	General.BCCSP.SwOpts.HashFamily = "SHA2"
	General.BCCSP.SwOpts.Ephemeral = false
	General.BCCSP.SwOpts.FileKeystore.KeyStorePath = "/home/vagrant/fabric/crypto-config/ordererOrganizations/36sn.com/orderers/orderer.36sn.com/msp/keystore"
	General.BCCSP.SwOpts.DummyKeystore =
	General.BCCSP.SwOpts.InmemKeystore =
	General.BCCSP.PluginOpts =
	General.Authentication.TimeWindow = 15m0s
	General.Authentication.NoExpirationChecks = false
	FileLedger.Location = "/var/hyperledger/production/orderer"
	FileLedger.Prefix = "hyperledger-fabric-ordererledger"
	RAMLedger.HistorySize = 1000
	Kafka.Retry.ShortInterval = 5s
	Kafka.Retry.ShortTotal = 10m0s
	Kafka.Retry.LongInterval = 5m0s
	Kafka.Retry.LongTotal = 12h0m0s
	Kafka.Retry.NetworkTimeouts.DialTimeout = 10s
	Kafka.Retry.NetworkTimeouts.ReadTimeout = 10s
	Kafka.Retry.NetworkTimeouts.WriteTimeout = 10s
	Kafka.Retry.Metadata.RetryMax = 3
	Kafka.Retry.Metadata.RetryBackoff = 250ms
	Kafka.Retry.Producer.RetryMax = 3
	Kafka.Retry.Producer.RetryBackoff = 100ms
	Kafka.Retry.Consumer.RetryBackoff = 2s
	Kafka.Verbose = false
	Kafka.Version = 0.10.2.0
	Kafka.TLS.Enabled = false
	Kafka.TLS.PrivateKey = ""
	Kafka.TLS.Certificate = ""
	Kafka.TLS.RootCAs = []
	Kafka.TLS.ClientAuthRequired = false
	Kafka.TLS.ClientRootCAs = []
	Kafka.SASLPlain.Enabled = false
	Kafka.SASLPlain.User = ""
	Kafka.SASLPlain.Password = ""
	Kafka.Topic.ReplicationFactor = 3
	Debug.BroadcastTraceDir = ""
	Debug.DeliverTraceDir = ""
	Consensus = map[WALDir:/var/hyperledger/production/orderer/etcdraft/wal SnapDir:/var/hyperledger/production/orderer/etcdraft/snapshot]
	Operations.ListenAddress = "127.0.0.1:8443"
	Operations.TLS.Enabled = false
	Operations.TLS.PrivateKey = ""
	Operations.TLS.Certificate = ""
	Operations.TLS.RootCAs = []
	Operations.TLS.ClientAuthRequired = false
	Operations.TLS.ClientRootCAs = []
	Metrics.Provider = "disabled"
	Metrics.Statsd.Network = "udp"
	Metrics.Statsd.Address = "127.0.0.1:8125"
	Metrics.Statsd.WriteInterval = 30s
	Metrics.Statsd.Prefix = ""
[34m2019-11-07 19:10:37.129 CST [common.tools.configtxgen.localconfig] completeInitialization -> INFO 003[0m orderer type: solo
[34m2019-11-07 19:10:37.129 CST [common.tools.configtxgen.localconfig] Load -> INFO 004[0m Loaded configuration: /home/vagrant/fabric/config/configtx.yaml
[34m2019-11-07 19:10:37.159 CST [orderer.common.server] extractSysChanLastConfig -> INFO 005[0m Bootstrapping because no existing channels
[34m2019-11-07 19:10:37.177 CST [common.tools.configtxgen.localconfig] completeInitialization -> INFO 006[0m orderer type: solo
[34m2019-11-07 19:10:37.178 CST [common.tools.configtxgen.localconfig] Load -> INFO 007[0m Loaded configuration: /home/vagrant/fabric/config/configtx.yaml
[34m2019-11-07 19:10:37.193 CST [fsblkstorage] newBlockfileMgr -> INFO 008[0m Getting block information from block storage
[34m2019-11-07 19:10:37.202 CST [orderer.commmon.multichannel] Initialize -> INFO 009[0m Starting system channel 'test-system-channel-name' with genesis block hash b1abf69c0975ec07cb3439e01e0d99a6e396d6227b324f9e5fed9f5d72fd4b6f and orderer type solo
[34m2019-11-07 19:10:37.203 CST [orderer.common.server] Start -> INFO 00a[0m Starting orderer:
 Version: 1.4.3
 Commit SHA: b8c4a6a
 Go version: go1.11.5
 OS/Arch: linux/amd64
[34m2019-11-07 19:10:37.203 CST [orderer.common.server] Start -> INFO 00b[0m Beginning to serve requests
